TpTrace Verbose: 0 : 22936, 1, 2022/02/08, 18:38:02.362, 6283352448154, vstest.console.dll, Version: 17.0.0
TpTrace Information: 0 : 22936, 1, 2022/02/08, 18:38:02.371, 6283352504895, vstest.console.dll, FilePatternParser: The given file C:\CS4790Repo\BlabberApp-dolson998\DataStoreTest\bin\Debug\net6.0\fine-code-coverage\build-output\DataStoreTest.dll is a full path.
TpTrace Verbose: 0 : 22936, 1, 2022/02/08, 18:38:02.374, 6283352536402, vstest.console.dll, TestPluginCache.DiscoverTestExtensions: finding test extensions in assemblies ends with: RuntimeProvider.dll TPluginInfo: Microsoft.VisualStudio.TestPlatform.Common.ExtensionFramework.Utilities.TestRuntimePluginInformation TExtension: Microsoft.VisualStudio.TestPlatform.ObjectModel.Host.ITestRuntimeProvider
TpTrace Verbose: 0 : 22936, 1, 2022/02/08, 18:38:02.375, 6283352548742, vstest.console.dll, TestPluginCache.GetExtensionPaths: Filtered extension paths: 
TpTrace Verbose: 0 : 22936, 1, 2022/02/08, 18:38:02.375, 6283352549583, vstest.console.dll, TestPluginCache.GetExtensionPaths: Added default extension paths: C:\Program Files\dotnet\sdk\6.0.101\Extensions\Microsoft.Diagnostics.NETCore.Client.dll
C:\Program Files\dotnet\sdk\6.0.101\Extensions\Microsoft.TestPlatform.Extensions.BlameDataCollector.dll
C:\Program Files\dotnet\sdk\6.0.101\Extensions\Microsoft.TestPlatform.Extensions.EventLogCollector.dll
C:\Program Files\dotnet\sdk\6.0.101\Extensions\Microsoft.TestPlatform.TestHostRuntimeProvider.dll
C:\Program Files\dotnet\sdk\6.0.101\Extensions\Microsoft.VisualStudio.TestPlatform.Extensions.Html.TestLogger.dll
C:\Program Files\dotnet\sdk\6.0.101\Extensions\Microsoft.VisualStudio.TestPlatform.Extensions.Trx.TestLogger.dll
TpTrace Verbose: 0 : 22936, 1, 2022/02/08, 18:38:02.375, 6283352550012, vstest.console.dll, TestPluginCache.GetExtensionPaths: Added unfilterableExtensionPaths: 
TpTrace Information: 0 : 22936, 1, 2022/02/08, 18:38:02.376, 6283352555932, vstest.console.dll, AssemblyResolver.ctor: Creating AssemblyResolver with searchDirectories C:\Program Files\dotnet\sdk\6.0.101\Extensions,C:\Program Files\dotnet\sdk\6.0.101
TpTrace Verbose: 0 : 22936, 1, 2022/02/08, 18:38:02.376, 6283352562212, vstest.console.dll, TestPluginCache.DiscoverTestExtensions: Discovering the extensions using extension path.
TpTrace Verbose: 0 : 22936, 1, 2022/02/08, 18:38:02.376, 6283352563133, vstest.console.dll, TestPluginCache.GetExtensionPaths: Filtered extension paths: 
TpTrace Verbose: 0 : 22936, 1, 2022/02/08, 18:38:02.377, 6283352563614, vstest.console.dll, TestPluginCache.GetExtensionPaths: Added default extension paths: C:\Program Files\dotnet\sdk\6.0.101\Extensions\Microsoft.Diagnostics.NETCore.Client.dll
C:\Program Files\dotnet\sdk\6.0.101\Extensions\Microsoft.TestPlatform.Extensions.BlameDataCollector.dll
C:\Program Files\dotnet\sdk\6.0.101\Extensions\Microsoft.TestPlatform.Extensions.EventLogCollector.dll
C:\Program Files\dotnet\sdk\6.0.101\Extensions\Microsoft.TestPlatform.TestHostRuntimeProvider.dll
C:\Program Files\dotnet\sdk\6.0.101\Extensions\Microsoft.VisualStudio.TestPlatform.Extensions.Html.TestLogger.dll
C:\Program Files\dotnet\sdk\6.0.101\Extensions\Microsoft.VisualStudio.TestPlatform.Extensions.Trx.TestLogger.dll
TpTrace Verbose: 0 : 22936, 1, 2022/02/08, 18:38:02.377, 6283352564003, vstest.console.dll, TestPluginCache.GetExtensionPaths: Added unfilterableExtensionPaths: 
TpTrace Verbose: 0 : 22936, 1, 2022/02/08, 18:38:02.377, 6283352564576, vstest.console.dll, TestPluginCache.DiscoverTestExtensions: Discovering the extensions using allExtensionPaths: C:\Program Files\dotnet\sdk\6.0.101\Extensions\Microsoft.Diagnostics.NETCore.Client.dll
C:\Program Files\dotnet\sdk\6.0.101\Extensions\Microsoft.TestPlatform.Extensions.BlameDataCollector.dll
C:\Program Files\dotnet\sdk\6.0.101\Extensions\Microsoft.TestPlatform.Extensions.EventLogCollector.dll
C:\Program Files\dotnet\sdk\6.0.101\Extensions\Microsoft.TestPlatform.TestHostRuntimeProvider.dll
C:\Program Files\dotnet\sdk\6.0.101\Extensions\Microsoft.VisualStudio.TestPlatform.Extensions.Html.TestLogger.dll
C:\Program Files\dotnet\sdk\6.0.101\Extensions\Microsoft.VisualStudio.TestPlatform.Extensions.Trx.TestLogger.dll
TpTrace Information: 0 : 22936, 1, 2022/02/08, 18:38:02.377, 6283352565730, vstest.console.dll, AssemblyResolver.AddSearchDirectories: Adding more searchDirectories C:\Program Files\dotnet\sdk\6.0.101\Extensions,C:\Program Files\dotnet\sdk\6.0.101
TpTrace Information: 0 : 22936, 1, 2022/02/08, 18:38:02.377, 6283352566232, vstest.console.dll, AssemblyResolver.AddSearchDirectories: Adding more searchDirectories C:\Program Files\dotnet\sdk\6.0.101\Extensions,C:\Program Files\dotnet\sdk\6.0.101
TpTrace Information: 0 : 22936, 1, 2022/02/08, 18:38:02.377, 6283352566648, vstest.console.dll, AssemblyResolver.AddSearchDirectories: Adding more searchDirectories C:\Program Files\dotnet\sdk\6.0.101\Extensions,C:\Program Files\dotnet\sdk\6.0.101
TpTrace Information: 0 : 22936, 1, 2022/02/08, 18:38:02.377, 6283352566995, vstest.console.dll, AssemblyResolver.AddSearchDirectories: Adding more searchDirectories C:\Program Files\dotnet\sdk\6.0.101\Extensions,C:\Program Files\dotnet\sdk\6.0.101
TpTrace Information: 0 : 22936, 1, 2022/02/08, 18:38:02.377, 6283352567339, vstest.console.dll, AssemblyResolver.AddSearchDirectories: Adding more searchDirectories C:\Program Files\dotnet\sdk\6.0.101\Extensions,C:\Program Files\dotnet\sdk\6.0.101
TpTrace Information: 0 : 22936, 1, 2022/02/08, 18:38:02.377, 6283352567731, vstest.console.dll, AssemblyResolver.AddSearchDirectories: Adding more searchDirectories C:\Program Files\dotnet\sdk\6.0.101\Extensions,C:\Program Files\dotnet\sdk\6.0.101
TpTrace Information: 0 : 22936, 1, 2022/02/08, 18:38:02.377, 6283352569998, vstest.console.dll, AssemblyResolver.OnResolve: Microsoft.Diagnostics.NETCore.Client: Resolving assembly.
TpTrace Information: 0 : 22936, 1, 2022/02/08, 18:38:02.377, 6283352570616, vstest.console.dll, AssemblyResolver.OnResolve: Microsoft.Diagnostics.NETCore.Client: Searching in: 'C:\Program Files\dotnet\sdk\6.0.101\Extensions'.
TpTrace Information: 0 : 22936, 1, 2022/02/08, 18:38:02.378, 6283352574445, vstest.console.dll, AssemblyResolver.OnResolve: Microsoft.Diagnostics.NETCore.Client: Loading assembly 'C:\Program Files\dotnet\sdk\6.0.101\Extensions\Microsoft.Diagnostics.NETCore.Client.dll'.
TpTrace Information: 0 : 22936, 1, 2022/02/08, 18:38:02.378, 6283352578640, vstest.console.dll, AssemblyResolver.OnResolve: Resolved assembly: Microsoft.Diagnostics.NETCore.Client, from path: C:\Program Files\dotnet\sdk\6.0.101\Extensions\Microsoft.Diagnostics.NETCore.Client.dll
TpTrace Information: 0 : 22936, 1, 2022/02/08, 18:38:02.382, 6283352618720, vstest.console.dll, AssemblyResolver.OnResolve: Microsoft.Bcl.AsyncInterfaces: Resolving assembly.
TpTrace Information: 0 : 22936, 1, 2022/02/08, 18:38:02.382, 6283352619440, vstest.console.dll, AssemblyResolver.OnResolve: Microsoft.Bcl.AsyncInterfaces: Searching in: 'C:\Program Files\dotnet\sdk\6.0.101\Extensions'.
TpTrace Information: 0 : 22936, 1, 2022/02/08, 18:38:02.382, 6283352620305, vstest.console.dll, AssemblyResolver.OnResolve: Microsoft.Bcl.AsyncInterfaces: Assembly path does not exist: 'C:\Program Files\dotnet\sdk\6.0.101\Extensions\Microsoft.Bcl.AsyncInterfaces.dll', returning.
TpTrace Information: 0 : 22936, 1, 2022/02/08, 18:38:02.382, 6283352621070, vstest.console.dll, AssemblyResolver.OnResolve: Microsoft.Bcl.AsyncInterfaces: Assembly path does not exist: 'C:\Program Files\dotnet\sdk\6.0.101\Extensions\Microsoft.Bcl.AsyncInterfaces.exe', returning.
TpTrace Information: 0 : 22936, 1, 2022/02/08, 18:38:02.382, 6283352621437, vstest.console.dll, AssemblyResolver.OnResolve: Microsoft.Bcl.AsyncInterfaces: Searching in: 'C:\Program Files\dotnet\sdk\6.0.101'.
TpTrace Information: 0 : 22936, 1, 2022/02/08, 18:38:02.382, 6283352622128, vstest.console.dll, AssemblyResolver.OnResolve: Microsoft.Bcl.AsyncInterfaces: Assembly path does not exist: 'C:\Program Files\dotnet\sdk\6.0.101\Microsoft.Bcl.AsyncInterfaces.dll', returning.
TpTrace Information: 0 : 22936, 1, 2022/02/08, 18:38:02.382, 6283352622808, vstest.console.dll, AssemblyResolver.OnResolve: Microsoft.Bcl.AsyncInterfaces: Assembly path does not exist: 'C:\Program Files\dotnet\sdk\6.0.101\Microsoft.Bcl.AsyncInterfaces.exe', returning.
TpTrace Information: 0 : 22936, 1, 2022/02/08, 18:38:02.383, 6283352623468, vstest.console.dll, AssemblyResolver.OnResolve: Microsoft.Bcl.AsyncInterfaces: Failed to load assembly.
TpTrace Verbose: 0 : 22936, 1, 2022/02/08, 18:38:02.383, 6283352623955, vstest.console.dll, CurrentDomainAssemblyResolve: Resolving assembly 'Microsoft.Bcl.AsyncInterfaces'.
TpTrace Information: 0 : 22936, 1, 2022/02/08, 18:38:02.383, 6283352624488, vstest.console.dll, AssemblyResolver.OnResolve: Microsoft.Bcl.AsyncInterfaces: Resolving assembly.
TpTrace Information: 0 : 22936, 1, 2022/02/08, 18:38:02.383, 6283352624887, vstest.console.dll, AssemblyResolver.OnResolve: Microsoft.Bcl.AsyncInterfaces: Resolved from cache.
TpTrace Verbose: 0 : 22936, 1, 2022/02/08, 18:38:02.383, 6283352625233, vstest.console.dll, CurrentDomainAssemblyResolve: Resolving assembly 'Microsoft.Bcl.AsyncInterfaces'.
TpTrace Verbose: 0 : 22936, 1, 2022/02/08, 18:38:02.383, 6283352625610, vstest.console.dll, CurrentDomainAssemblyResolve: Failed to resolve assembly 'Microsoft.Bcl.AsyncInterfaces'.
TpTrace Verbose: 0 : 22936, 1, 2022/02/08, 18:38:02.383, 6283352628813, vstest.console.dll, CurrentDomainAssemblyResolve: Failed to resolve assembly 'Microsoft.Bcl.AsyncInterfaces'.
TpTrace Warning: 0 : 22936, 1, 2022/02/08, 18:38:02.393, 6283352726679, vstest.console.dll, TestPluginDiscoverer: Failed to get types from assembly 'Microsoft.Diagnostics.NETCore.Client, Version=0.2.4.21401, Culture=neutral, PublicKeyToken=31bf3856ad364e35'.  Skipping test extension scan for this assembly.  Error: System.Reflection.ReflectionTypeLoadException: Unable to load one or more of the requested types.
Could not load file or assembly 'Microsoft.Bcl.AsyncInterfaces, Version=1.0.0.0, Culture=neutral, PublicKeyToken=cc7b13ffcd2ddd51'. The system cannot find the file specified.
   at System.Reflection.RuntimeModule.GetTypes(RuntimeModule module)
   at System.Reflection.Assembly.GetTypes()
   at Microsoft.VisualStudio.TestPlatform.Common.ExtensionFramework.TestPluginDiscoverer.GetTestExtensionsFromAssembly[TPluginInfo,TExtension](Assembly assembly, Dictionary`2 pluginInfos)
System.IO.FileNotFoundException: Could not load file or assembly 'Microsoft.Bcl.AsyncInterfaces, Version=1.0.0.0, Culture=neutral, PublicKeyToken=cc7b13ffcd2ddd51'. The system cannot find the file specified.
File name: 'Microsoft.Bcl.AsyncInterfaces, Version=1.0.0.0, Culture=neutral, PublicKeyToken=cc7b13ffcd2ddd51'
 ---> System.IO.FileNotFoundException: Could not load file or assembly 'Microsoft.Bcl.AsyncInterfaces, Culture=neutral, PublicKeyToken=null'. The system cannot find the file specified.
File name: 'Microsoft.Bcl.AsyncInterfaces, Culture=neutral, PublicKeyToken=null'
   at System.Reflection.RuntimeAssembly.InternalLoad(ObjectHandleOnStack assemblyName, ObjectHandleOnStack requestingAssembly, StackCrawlMarkHandle stackMark, Boolean throwOnFileNotFound, ObjectHandleOnStack assemblyLoadContext, ObjectHandleOnStack retAssembly)
   at System.Reflection.RuntimeAssembly.InternalLoad(AssemblyName assemblyName, RuntimeAssembly requestingAssembly, StackCrawlMark& stackMark, Boolean throwOnFileNotFound, AssemblyLoadContext assemblyLoadContext)
   at System.Reflection.Assembly.Load(AssemblyName assemblyRef)
   at Microsoft.VisualStudio.TestPlatform.Common.ExtensionFramework.TestPluginCache.CurrentDomainAssemblyResolve(Object sender, AssemblyResolveEventArgs args)
   at Microsoft.VisualStudio.TestPlatform.PlatformAbstractions.PlatformAssemblyResolver.AssemblyResolverEvent(Object sender, Object eventArgs)
   at System.Runtime.Loader.AssemblyLoadContext.GetFirstResolvedAssemblyFromResolvingEvent(AssemblyName assemblyName)
   at System.Runtime.Loader.AssemblyLoadContext.ResolveUsingEvent(AssemblyName assemblyName)
   at System.Runtime.Loader.AssemblyLoadContext.ResolveUsingResolvingEvent(IntPtr gchManagedAssemblyLoadContext, AssemblyName assemblyName)
TpTrace Warning: 0 : 22936, 1, 2022/02/08, 18:38:02.393, 6283352728293, vstest.console.dll, LoaderExceptions: System.IO.FileNotFoundException: Could not load file or assembly 'Microsoft.Bcl.AsyncInterfaces, Version=1.0.0.0, Culture=neutral, PublicKeyToken=cc7b13ffcd2ddd51'. The system cannot find the file specified.
File name: 'Microsoft.Bcl.AsyncInterfaces, Version=1.0.0.0, Culture=neutral, PublicKeyToken=cc7b13ffcd2ddd51'
 ---> System.IO.FileNotFoundException: Could not load file or assembly 'Microsoft.Bcl.AsyncInterfaces, Culture=neutral, PublicKeyToken=null'. The system cannot find the file specified.
File name: 'Microsoft.Bcl.AsyncInterfaces, Culture=neutral, PublicKeyToken=null'
   at System.Reflection.RuntimeAssembly.InternalLoad(ObjectHandleOnStack assemblyName, ObjectHandleOnStack requestingAssembly, StackCrawlMarkHandle stackMark, Boolean throwOnFileNotFound, ObjectHandleOnStack assemblyLoadContext, ObjectHandleOnStack retAssembly)
   at System.Reflection.RuntimeAssembly.InternalLoad(AssemblyName assemblyName, RuntimeAssembly requestingAssembly, StackCrawlMark& stackMark, Boolean throwOnFileNotFound, AssemblyLoadContext assemblyLoadContext)
   at System.Reflection.Assembly.Load(AssemblyName assemblyRef)
   at Microsoft.VisualStudio.TestPlatform.Common.ExtensionFramework.TestPluginCache.CurrentDomainAssemblyResolve(Object sender, AssemblyResolveEventArgs args)
   at Microsoft.VisualStudio.TestPlatform.PlatformAbstractions.PlatformAssemblyResolver.AssemblyResolverEvent(Object sender, Object eventArgs)
   at System.Runtime.Loader.AssemblyLoadContext.GetFirstResolvedAssemblyFromResolvingEvent(AssemblyName assemblyName)
   at System.Runtime.Loader.AssemblyLoadContext.ResolveUsingEvent(AssemblyName assemblyName)
   at System.Runtime.Loader.AssemblyLoadContext.ResolveUsingResolvingEvent(IntPtr gchManagedAssemblyLoadContext, AssemblyName assemblyName)
TpTrace Information: 0 : 22936, 1, 2022/02/08, 18:38:02.393, 6283352729133, vstest.console.dll, AssemblyResolver.OnResolve: Microsoft.TestPlatform.Extensions.BlameDataCollector: Resolving assembly.
TpTrace Information: 0 : 22936, 1, 2022/02/08, 18:38:02.393, 6283352729556, vstest.console.dll, AssemblyResolver.OnResolve: Microsoft.TestPlatform.Extensions.BlameDataCollector: Searching in: 'C:\Program Files\dotnet\sdk\6.0.101\Extensions'.
TpTrace Information: 0 : 22936, 1, 2022/02/08, 18:38:02.393, 6283352731908, vstest.console.dll, AssemblyResolver.OnResolve: Microsoft.TestPlatform.Extensions.BlameDataCollector: Loading assembly 'C:\Program Files\dotnet\sdk\6.0.101\Extensions\Microsoft.TestPlatform.Extensions.BlameDataCollector.dll'.
TpTrace Information: 0 : 22936, 1, 2022/02/08, 18:38:02.394, 6283352735600, vstest.console.dll, AssemblyResolver.OnResolve: Resolved assembly: Microsoft.TestPlatform.Extensions.BlameDataCollector, from path: C:\Program Files\dotnet\sdk\6.0.101\Extensions\Microsoft.TestPlatform.Extensions.BlameDataCollector.dll
TpTrace Information: 0 : 22936, 1, 2022/02/08, 18:38:02.394, 6283352739593, vstest.console.dll, AssemblyResolver.OnResolve: Microsoft.TestPlatform.Extensions.EventLogCollector: Resolving assembly.
TpTrace Information: 0 : 22936, 1, 2022/02/08, 18:38:02.394, 6283352740095, vstest.console.dll, AssemblyResolver.OnResolve: Microsoft.TestPlatform.Extensions.EventLogCollector: Searching in: 'C:\Program Files\dotnet\sdk\6.0.101\Extensions'.
TpTrace Information: 0 : 22936, 1, 2022/02/08, 18:38:02.394, 6283352742239, vstest.console.dll, AssemblyResolver.OnResolve: Microsoft.TestPlatform.Extensions.EventLogCollector: Loading assembly 'C:\Program Files\dotnet\sdk\6.0.101\Extensions\Microsoft.TestPlatform.Extensions.EventLogCollector.dll'.
TpTrace Information: 0 : 22936, 1, 2022/02/08, 18:38:02.395, 6283352744775, vstest.console.dll, AssemblyResolver.OnResolve: Resolved assembly: Microsoft.TestPlatform.Extensions.EventLogCollector, from path: C:\Program Files\dotnet\sdk\6.0.101\Extensions\Microsoft.TestPlatform.Extensions.EventLogCollector.dll
TpTrace Information: 0 : 22936, 1, 2022/02/08, 18:38:02.396, 6283352754469, vstest.console.dll, AssemblyResolver.OnResolve: Microsoft.TestPlatform.TestHostRuntimeProvider: Resolving assembly.
TpTrace Information: 0 : 22936, 1, 2022/02/08, 18:38:02.396, 6283352755293, vstest.console.dll, AssemblyResolver.OnResolve: Microsoft.TestPlatform.TestHostRuntimeProvider: Searching in: 'C:\Program Files\dotnet\sdk\6.0.101\Extensions'.
TpTrace Information: 0 : 22936, 1, 2022/02/08, 18:38:02.396, 6283352757481, vstest.console.dll, AssemblyResolver.OnResolve: Microsoft.TestPlatform.TestHostRuntimeProvider: Loading assembly 'C:\Program Files\dotnet\sdk\6.0.101\Extensions\Microsoft.TestPlatform.TestHostRuntimeProvider.dll'.
TpTrace Information: 0 : 22936, 1, 2022/02/08, 18:38:02.397, 6283352763544, vstest.console.dll, AssemblyResolver.OnResolve: Resolved assembly: Microsoft.TestPlatform.TestHostRuntimeProvider, from path: C:\Program Files\dotnet\sdk\6.0.101\Extensions\Microsoft.TestPlatform.TestHostRuntimeProvider.dll
TpTrace Information: 0 : 22936, 1, 2022/02/08, 18:38:02.397, 6283352771476, vstest.console.dll, AssemblyResolver.OnResolve: Microsoft.VisualStudio.TestPlatform.Extensions.Html.TestLogger: Resolving assembly.
TpTrace Information: 0 : 22936, 1, 2022/02/08, 18:38:02.397, 6283352772014, vstest.console.dll, AssemblyResolver.OnResolve: Microsoft.VisualStudio.TestPlatform.Extensions.Html.TestLogger: Searching in: 'C:\Program Files\dotnet\sdk\6.0.101\Extensions'.
TpTrace Information: 0 : 22936, 1, 2022/02/08, 18:38:02.398, 6283352774299, vstest.console.dll, AssemblyResolver.OnResolve: Microsoft.VisualStudio.TestPlatform.Extensions.Html.TestLogger: Loading assembly 'C:\Program Files\dotnet\sdk\6.0.101\Extensions\Microsoft.VisualStudio.TestPlatform.Extensions.Html.TestLogger.dll'.
TpTrace Information: 0 : 22936, 1, 2022/02/08, 18:38:02.398, 6283352777989, vstest.console.dll, AssemblyResolver.OnResolve: Resolved assembly: Microsoft.VisualStudio.TestPlatform.Extensions.Html.TestLogger, from path: C:\Program Files\dotnet\sdk\6.0.101\Extensions\Microsoft.VisualStudio.TestPlatform.Extensions.Html.TestLogger.dll
TpTrace Information: 0 : 22936, 1, 2022/02/08, 18:38:02.398, 6283352780021, vstest.console.dll, AssemblyResolver.OnResolve: Microsoft.VisualStudio.TestPlatform.Extensions.Trx.TestLogger: Resolving assembly.
TpTrace Information: 0 : 22936, 1, 2022/02/08, 18:38:02.398, 6283352780511, vstest.console.dll, AssemblyResolver.OnResolve: Microsoft.VisualStudio.TestPlatform.Extensions.Trx.TestLogger: Searching in: 'C:\Program Files\dotnet\sdk\6.0.101\Extensions'.
TpTrace Information: 0 : 22936, 1, 2022/02/08, 18:38:02.398, 6283352782840, vstest.console.dll, AssemblyResolver.OnResolve: Microsoft.VisualStudio.TestPlatform.Extensions.Trx.TestLogger: Loading assembly 'C:\Program Files\dotnet\sdk\6.0.101\Extensions\Microsoft.VisualStudio.TestPlatform.Extensions.Trx.TestLogger.dll'.
TpTrace Information: 0 : 22936, 1, 2022/02/08, 18:38:02.399, 6283352786607, vstest.console.dll, AssemblyResolver.OnResolve: Resolved assembly: Microsoft.VisualStudio.TestPlatform.Extensions.Trx.TestLogger, from path: C:\Program Files\dotnet\sdk\6.0.101\Extensions\Microsoft.VisualStudio.TestPlatform.Extensions.Trx.TestLogger.dll
TpTrace Verbose: 0 : 22936, 1, 2022/02/08, 18:38:02.399, 6283352790160, vstest.console.dll, TestPluginCache: Discovered the extensions using extension path ''.
TpTrace Verbose: 0 : 22936, 1, 2022/02/08, 18:38:02.399, 6283352790678, vstest.console.dll, TestPluginCache: Discoverers are ''.
TpTrace Verbose: 0 : 22936, 1, 2022/02/08, 18:38:02.399, 6283352791024, vstest.console.dll, TestPluginCache: Executors are ''.
TpTrace Verbose: 0 : 22936, 1, 2022/02/08, 18:38:02.399, 6283352791340, vstest.console.dll, TestPluginCache: Executors2 are ''.
TpTrace Verbose: 0 : 22936, 1, 2022/02/08, 18:38:02.399, 6283352791647, vstest.console.dll, TestPluginCache: Setting providers are ''.
TpTrace Verbose: 0 : 22936, 1, 2022/02/08, 18:38:02.399, 6283352791950, vstest.console.dll, TestPluginCache: Loggers are ''.
TpTrace Information: 0 : 22936, 1, 2022/02/08, 18:38:02.402, 6283352821702, vstest.console.dll, RunTestsArgumentProcessor:Execute: Test run is starting.
TpTrace Verbose: 0 : 22936, 1, 2022/02/08, 18:38:02.402, 6283352822837, vstest.console.dll, RunTestsArgumentProcessor:Execute: Queuing Test run.
TpTrace Information: 0 : 22936, 1, 2022/02/08, 18:38:02.403, 6283352824293, vstest.console.dll, TestRequestManager.RunTests: run tests started.
TpTrace Information: 0 : 22936, 1, 2022/02/08, 18:38:02.405, 6283352846425, vstest.console.dll, AssemblyMetadataProvider.GetFrameWork: Determined framework:'.NETCoreApp,Version=v6.0' for source: 'C:\CS4790Repo\BlabberApp-dolson998\DataStoreTest\bin\Debug\net6.0\fine-code-coverage\build-output\DataStoreTest.dll'
TpTrace Information: 0 : 22936, 1, 2022/02/08, 18:38:02.405, 6283352847400, vstest.console.dll, Determined framework for all sources: .NETCoreApp,Version=v6.0
TpTrace Information: 0 : 22936, 1, 2022/02/08, 18:38:02.405, 6283352850356, vstest.console.dll, AssemblyMetadataProvider.GetArchitecture: Determined architecture:AnyCPU info for assembly: C:\CS4790Repo\BlabberApp-dolson998\DataStoreTest\bin\Debug\net6.0\fine-code-coverage\build-output\DataStoreTest.dll
TpTrace Information: 0 : 22936, 1, 2022/02/08, 18:38:02.406, 6283352862097, vstest.console.dll, Determined platform for all sources: X64
TpTrace Information: 0 : 22936, 1, 2022/02/08, 18:38:02.408, 6283352879194, vstest.console.dll, Compatible sources list : 
TpTrace Information: 0 : 22936, 1, 2022/02/08, 18:38:02.408, 6283352879886, vstest.console.dll, C:\CS4790Repo\BlabberApp-dolson998\DataStoreTest\bin\Debug\net6.0\fine-code-coverage\build-output\DataStoreTest.dll
TpTrace Information: 0 : 22936, 1, 2022/02/08, 18:38:02.410, 6283352895780, vstest.console.dll, InferRunSettingsHelper.IsTestSettingsEnabled: Unable to navigate to RunSettings/MSTest. Current node: RunSettings
TpTrace Information: 0 : 22936, 1, 2022/02/08, 18:38:02.410, 6283352900092, vstest.console.dll, AssemblyResolver.OnResolve: Microsoft.VisualStudio.TestPlatform.Fakes: Resolving assembly.
TpTrace Information: 0 : 22936, 1, 2022/02/08, 18:38:02.410, 6283352900648, vstest.console.dll, AssemblyResolver.OnResolve: Microsoft.VisualStudio.TestPlatform.Fakes: Searching in: 'C:\Program Files\dotnet\sdk\6.0.101\Extensions'.
TpTrace Information: 0 : 22936, 1, 2022/02/08, 18:38:02.410, 6283352901647, vstest.console.dll, AssemblyResolver.OnResolve: Microsoft.VisualStudio.TestPlatform.Fakes: Assembly path does not exist: 'C:\Program Files\dotnet\sdk\6.0.101\Extensions\Microsoft.VisualStudio.TestPlatform.Fakes.dll', returning.
TpTrace Information: 0 : 22936, 1, 2022/02/08, 18:38:02.410, 6283352902466, vstest.console.dll, AssemblyResolver.OnResolve: Microsoft.VisualStudio.TestPlatform.Fakes: Assembly path does not exist: 'C:\Program Files\dotnet\sdk\6.0.101\Extensions\Microsoft.VisualStudio.TestPlatform.Fakes.exe', returning.
TpTrace Information: 0 : 22936, 1, 2022/02/08, 18:38:02.410, 6283352902844, vstest.console.dll, AssemblyResolver.OnResolve: Microsoft.VisualStudio.TestPlatform.Fakes: Searching in: 'C:\Program Files\dotnet\sdk\6.0.101'.
TpTrace Information: 0 : 22936, 1, 2022/02/08, 18:38:02.411, 6283352903569, vstest.console.dll, AssemblyResolver.OnResolve: Microsoft.VisualStudio.TestPlatform.Fakes: Assembly path does not exist: 'C:\Program Files\dotnet\sdk\6.0.101\Microsoft.VisualStudio.TestPlatform.Fakes.dll', returning.
TpTrace Information: 0 : 22936, 1, 2022/02/08, 18:38:02.411, 6283352904286, vstest.console.dll, AssemblyResolver.OnResolve: Microsoft.VisualStudio.TestPlatform.Fakes: Assembly path does not exist: 'C:\Program Files\dotnet\sdk\6.0.101\Microsoft.VisualStudio.TestPlatform.Fakes.exe', returning.
TpTrace Information: 0 : 22936, 1, 2022/02/08, 18:38:02.411, 6283352904693, vstest.console.dll, AssemblyResolver.OnResolve: Microsoft.VisualStudio.TestPlatform.Fakes: Failed to load assembly.
TpTrace Information: 0 : 22936, 1, 2022/02/08, 18:38:02.411, 6283352906582, vstest.console.dll, Failed to load assembly Microsoft.VisualStudio.TestPlatform.Fakes, Version=17.0.0.0, Culture=neutral. Reason:System.IO.FileNotFoundException: Could not load file or assembly 'Microsoft.VisualStudio.TestPlatform.Fakes, Version=17.0.0.0, Culture=neutral, PublicKeyToken=null'. The system cannot find the file specified.
File name: 'Microsoft.VisualStudio.TestPlatform.Fakes, Version=17.0.0.0, Culture=neutral, PublicKeyToken=null'
   at System.Reflection.RuntimeAssembly.InternalLoad(ObjectHandleOnStack assemblyName, ObjectHandleOnStack requestingAssembly, StackCrawlMarkHandle stackMark, Boolean throwOnFileNotFound, ObjectHandleOnStack assemblyLoadContext, ObjectHandleOnStack retAssembly)
   at System.Reflection.RuntimeAssembly.InternalLoad(AssemblyName assemblyName, RuntimeAssembly requestingAssembly, StackCrawlMark& stackMark, Boolean throwOnFileNotFound, AssemblyLoadContext assemblyLoadContext)
   at System.Reflection.Assembly.Load(AssemblyName assemblyRef)
   at Microsoft.VisualStudio.TestPlatform.Common.Utilities.FakesUtilities.LoadTestPlatformAssembly()
TpTrace Verbose: 0 : 22936, 1, 2022/02/08, 18:38:02.414, 6283352937751, vstest.console.dll, TestPluginCache.DiscoverTestExtensions: finding test extensions in assemblies ends with: TestLogger.dll TPluginInfo: Microsoft.VisualStudio.TestPlatform.Common.ExtensionFramework.Utilities.TestLoggerPluginInformation TExtension: Microsoft.VisualStudio.TestPlatform.ObjectModel.Client.ITestLogger
TpTrace Verbose: 0 : 22936, 1, 2022/02/08, 18:38:02.414, 6283352939041, vstest.console.dll, TestPluginCache.GetExtensionPaths: Filtered extension paths: 
TpTrace Verbose: 0 : 22936, 1, 2022/02/08, 18:38:02.414, 6283352939685, vstest.console.dll, TestPluginCache.GetExtensionPaths: Added default extension paths: C:\Program Files\dotnet\sdk\6.0.101\Extensions\Microsoft.Diagnostics.NETCore.Client.dll
C:\Program Files\dotnet\sdk\6.0.101\Extensions\Microsoft.TestPlatform.Extensions.BlameDataCollector.dll
C:\Program Files\dotnet\sdk\6.0.101\Extensions\Microsoft.TestPlatform.Extensions.EventLogCollector.dll
C:\Program Files\dotnet\sdk\6.0.101\Extensions\Microsoft.TestPlatform.TestHostRuntimeProvider.dll
C:\Program Files\dotnet\sdk\6.0.101\Extensions\Microsoft.VisualStudio.TestPlatform.Extensions.Html.TestLogger.dll
C:\Program Files\dotnet\sdk\6.0.101\Extensions\Microsoft.VisualStudio.TestPlatform.Extensions.Trx.TestLogger.dll
TpTrace Verbose: 0 : 22936, 1, 2022/02/08, 18:38:02.414, 6283352940267, vstest.console.dll, TestPluginCache.GetExtensionPaths: Added unfilterableExtensionPaths: 
TpTrace Information: 0 : 22936, 1, 2022/02/08, 18:38:02.414, 6283352942231, vstest.console.dll, AssemblyResolver.AddSearchDirectories: Adding more searchDirectories C:\Program Files\dotnet\sdk\6.0.101\Extensions,C:\Program Files\dotnet\sdk\6.0.101
TpTrace Verbose: 0 : 22936, 1, 2022/02/08, 18:38:02.414, 6283352942875, vstest.console.dll, TestPluginCache.DiscoverTestExtensions: Discovering the extensions using extension path.
TpTrace Verbose: 0 : 22936, 1, 2022/02/08, 18:38:02.415, 6283352943503, vstest.console.dll, TestPluginCache.GetExtensionPaths: Filtered extension paths: 
TpTrace Verbose: 0 : 22936, 1, 2022/02/08, 18:38:02.415, 6283352943993, vstest.console.dll, TestPluginCache.GetExtensionPaths: Added default extension paths: C:\Program Files\dotnet\sdk\6.0.101\Extensions\Microsoft.Diagnostics.NETCore.Client.dll
C:\Program Files\dotnet\sdk\6.0.101\Extensions\Microsoft.TestPlatform.Extensions.BlameDataCollector.dll
C:\Program Files\dotnet\sdk\6.0.101\Extensions\Microsoft.TestPlatform.Extensions.EventLogCollector.dll
C:\Program Files\dotnet\sdk\6.0.101\Extensions\Microsoft.TestPlatform.TestHostRuntimeProvider.dll
C:\Program Files\dotnet\sdk\6.0.101\Extensions\Microsoft.VisualStudio.TestPlatform.Extensions.Html.TestLogger.dll
C:\Program Files\dotnet\sdk\6.0.101\Extensions\Microsoft.VisualStudio.TestPlatform.Extensions.Trx.TestLogger.dll
TpTrace Verbose: 0 : 22936, 1, 2022/02/08, 18:38:02.415, 6283352944502, vstest.console.dll, TestPluginCache.GetExtensionPaths: Added unfilterableExtensionPaths: 
TpTrace Verbose: 0 : 22936, 1, 2022/02/08, 18:38:02.415, 6283352945115, vstest.console.dll, TestPluginCache.DiscoverTestExtensions: Discovering the extensions using allExtensionPaths: C:\Program Files\dotnet\sdk\6.0.101\Extensions\Microsoft.Diagnostics.NETCore.Client.dll
C:\Program Files\dotnet\sdk\6.0.101\Extensions\Microsoft.TestPlatform.Extensions.BlameDataCollector.dll
C:\Program Files\dotnet\sdk\6.0.101\Extensions\Microsoft.TestPlatform.Extensions.EventLogCollector.dll
C:\Program Files\dotnet\sdk\6.0.101\Extensions\Microsoft.TestPlatform.TestHostRuntimeProvider.dll
C:\Program Files\dotnet\sdk\6.0.101\Extensions\Microsoft.VisualStudio.TestPlatform.Extensions.Html.TestLogger.dll
C:\Program Files\dotnet\sdk\6.0.101\Extensions\Microsoft.VisualStudio.TestPlatform.Extensions.Trx.TestLogger.dll
TpTrace Information: 0 : 22936, 1, 2022/02/08, 18:38:02.415, 6283352945920, vstest.console.dll, AssemblyResolver.AddSearchDirectories: Adding more searchDirectories C:\Program Files\dotnet\sdk\6.0.101\Extensions,C:\Program Files\dotnet\sdk\6.0.101
TpTrace Information: 0 : 22936, 1, 2022/02/08, 18:38:02.415, 6283352946542, vstest.console.dll, AssemblyResolver.AddSearchDirectories: Adding more searchDirectories C:\Program Files\dotnet\sdk\6.0.101\Extensions,C:\Program Files\dotnet\sdk\6.0.101
TpTrace Information: 0 : 22936, 1, 2022/02/08, 18:38:02.415, 6283352947142, vstest.console.dll, AssemblyResolver.AddSearchDirectories: Adding more searchDirectories C:\Program Files\dotnet\sdk\6.0.101\Extensions,C:\Program Files\dotnet\sdk\6.0.101
TpTrace Information: 0 : 22936, 1, 2022/02/08, 18:38:02.415, 6283352947730, vstest.console.dll, AssemblyResolver.AddSearchDirectories: Adding more searchDirectories C:\Program Files\dotnet\sdk\6.0.101\Extensions,C:\Program Files\dotnet\sdk\6.0.101
TpTrace Information: 0 : 22936, 1, 2022/02/08, 18:38:02.415, 6283352948397, vstest.console.dll, AssemblyResolver.AddSearchDirectories: Adding more searchDirectories C:\Program Files\dotnet\sdk\6.0.101\Extensions,C:\Program Files\dotnet\sdk\6.0.101
TpTrace Information: 0 : 22936, 1, 2022/02/08, 18:38:02.415, 6283352949005, vstest.console.dll, AssemblyResolver.AddSearchDirectories: Adding more searchDirectories C:\Program Files\dotnet\sdk\6.0.101\Extensions,C:\Program Files\dotnet\sdk\6.0.101
TpTrace Information: 0 : 22936, 1, 2022/02/08, 18:38:02.415, 6283352951639, vstest.console.dll, AssemblyResolver.OnResolve: Microsoft.Bcl.AsyncInterfaces: Resolving assembly.
TpTrace Information: 0 : 22936, 1, 2022/02/08, 18:38:02.415, 6283352952218, vstest.console.dll, AssemblyResolver.OnResolve: Microsoft.Bcl.AsyncInterfaces: Resolved from cache.
TpTrace Verbose: 0 : 22936, 1, 2022/02/08, 18:38:02.415, 6283352952729, vstest.console.dll, CurrentDomainAssemblyResolve: Resolving assembly 'Microsoft.Bcl.AsyncInterfaces'.
TpTrace Information: 0 : 22936, 1, 2022/02/08, 18:38:02.415, 6283352953314, vstest.console.dll, AssemblyResolver.OnResolve: Microsoft.Bcl.AsyncInterfaces: Resolving assembly.
TpTrace Information: 0 : 22936, 1, 2022/02/08, 18:38:02.416, 6283352953761, vstest.console.dll, AssemblyResolver.OnResolve: Microsoft.Bcl.AsyncInterfaces: Resolved from cache.
TpTrace Verbose: 0 : 22936, 1, 2022/02/08, 18:38:02.416, 6283352954276, vstest.console.dll, CurrentDomainAssemblyResolve: Resolving assembly 'Microsoft.Bcl.AsyncInterfaces'.
TpTrace Verbose: 0 : 22936, 1, 2022/02/08, 18:38:02.416, 6283352954715, vstest.console.dll, CurrentDomainAssemblyResolve: Failed to resolve assembly 'Microsoft.Bcl.AsyncInterfaces'.
TpTrace Verbose: 0 : 22936, 1, 2022/02/08, 18:38:02.416, 6283352956321, vstest.console.dll, CurrentDomainAssemblyResolve: Failed to resolve assembly 'Microsoft.Bcl.AsyncInterfaces'.
TpTrace Warning: 0 : 22936, 1, 2022/02/08, 18:38:02.416, 6283352960214, vstest.console.dll, TestPluginDiscoverer: Failed to get types from assembly 'Microsoft.Diagnostics.NETCore.Client, Version=0.2.4.21401, Culture=neutral, PublicKeyToken=31bf3856ad364e35'.  Skipping test extension scan for this assembly.  Error: System.Reflection.ReflectionTypeLoadException: Unable to load one or more of the requested types.
Could not load file or assembly 'Microsoft.Bcl.AsyncInterfaces, Version=1.0.0.0, Culture=neutral, PublicKeyToken=cc7b13ffcd2ddd51'. The system cannot find the file specified.
   at System.Reflection.RuntimeModule.GetTypes(RuntimeModule module)
   at System.Reflection.Assembly.GetTypes()
   at Microsoft.VisualStudio.TestPlatform.Common.ExtensionFramework.TestPluginDiscoverer.GetTestExtensionsFromAssembly[TPluginInfo,TExtension](Assembly assembly, Dictionary`2 pluginInfos)
System.IO.FileNotFoundException: Could not load file or assembly 'Microsoft.Bcl.AsyncInterfaces, Version=1.0.0.0, Culture=neutral, PublicKeyToken=cc7b13ffcd2ddd51'. The system cannot find the file specified.
File name: 'Microsoft.Bcl.AsyncInterfaces, Version=1.0.0.0, Culture=neutral, PublicKeyToken=cc7b13ffcd2ddd51'
 ---> System.IO.FileNotFoundException: Could not load file or assembly 'Microsoft.Bcl.AsyncInterfaces, Culture=neutral, PublicKeyToken=null'. The system cannot find the file specified.
File name: 'Microsoft.Bcl.AsyncInterfaces, Culture=neutral, PublicKeyToken=null'
   at System.Reflection.RuntimeAssembly.InternalLoad(ObjectHandleOnStack assemblyName, ObjectHandleOnStack requestingAssembly, StackCrawlMarkHandle stackMark, Boolean throwOnFileNotFound, ObjectHandleOnStack assemblyLoadContext, ObjectHandleOnStack retAssembly)
   at System.Reflection.RuntimeAssembly.InternalLoad(AssemblyName assemblyName, RuntimeAssembly requestingAssembly, StackCrawlMark& stackMark, Boolean throwOnFileNotFound, AssemblyLoadContext assemblyLoadContext)
   at System.Reflection.Assembly.Load(AssemblyName assemblyRef)
   at Microsoft.VisualStudio.TestPlatform.Common.ExtensionFramework.TestPluginCache.CurrentDomainAssemblyResolve(Object sender, AssemblyResolveEventArgs args)
   at Microsoft.VisualStudio.TestPlatform.PlatformAbstractions.PlatformAssemblyResolver.AssemblyResolverEvent(Object sender, Object eventArgs)
   at System.Runtime.Loader.AssemblyLoadContext.GetFirstResolvedAssemblyFromResolvingEvent(AssemblyName assemblyName)
   at System.Runtime.Loader.AssemblyLoadContext.ResolveUsingEvent(AssemblyName assemblyName)
   at System.Runtime.Loader.AssemblyLoadContext.ResolveUsingResolvingEvent(IntPtr gchManagedAssemblyLoadContext, AssemblyName assemblyName)
TpTrace Warning: 0 : 22936, 1, 2022/02/08, 18:38:02.416, 6283352962149, vstest.console.dll, LoaderExceptions: System.IO.FileNotFoundException: Could not load file or assembly 'Microsoft.Bcl.AsyncInterfaces, Version=1.0.0.0, Culture=neutral, PublicKeyToken=cc7b13ffcd2ddd51'. The system cannot find the file specified.
File name: 'Microsoft.Bcl.AsyncInterfaces, Version=1.0.0.0, Culture=neutral, PublicKeyToken=cc7b13ffcd2ddd51'
 ---> System.IO.FileNotFoundException: Could not load file or assembly 'Microsoft.Bcl.AsyncInterfaces, Culture=neutral, PublicKeyToken=null'. The system cannot find the file specified.
File name: 'Microsoft.Bcl.AsyncInterfaces, Culture=neutral, PublicKeyToken=null'
   at System.Reflection.RuntimeAssembly.InternalLoad(ObjectHandleOnStack assemblyName, ObjectHandleOnStack requestingAssembly, StackCrawlMarkHandle stackMark, Boolean throwOnFileNotFound, ObjectHandleOnStack assemblyLoadContext, ObjectHandleOnStack retAssembly)
   at System.Reflection.RuntimeAssembly.InternalLoad(AssemblyName assemblyName, RuntimeAssembly requestingAssembly, StackCrawlMark& stackMark, Boolean throwOnFileNotFound, AssemblyLoadContext assemblyLoadContext)
   at System.Reflection.Assembly.Load(AssemblyName assemblyRef)
   at Microsoft.VisualStudio.TestPlatform.Common.ExtensionFramework.TestPluginCache.CurrentDomainAssemblyResolve(Object sender, AssemblyResolveEventArgs args)
   at Microsoft.VisualStudio.TestPlatform.PlatformAbstractions.PlatformAssemblyResolver.AssemblyResolverEvent(Object sender, Object eventArgs)
   at System.Runtime.Loader.AssemblyLoadContext.GetFirstResolvedAssemblyFromResolvingEvent(AssemblyName assemblyName)
   at System.Runtime.Loader.AssemblyLoadContext.ResolveUsingEvent(AssemblyName assemblyName)
   at System.Runtime.Loader.AssemblyLoadContext.ResolveUsingResolvingEvent(IntPtr gchManagedAssemblyLoadContext, AssemblyName assemblyName)
TpTrace Verbose: 0 : 22936, 1, 2022/02/08, 18:38:02.417, 6283352965654, vstest.console.dll, TestPluginCache: Discovered the extensions using extension path ''.
TpTrace Verbose: 0 : 22936, 1, 2022/02/08, 18:38:02.417, 6283352966219, vstest.console.dll, TestPluginCache: Discoverers are ''.
TpTrace Verbose: 0 : 22936, 1, 2022/02/08, 18:38:02.417, 6283352966678, vstest.console.dll, TestPluginCache: Executors are ''.
TpTrace Verbose: 0 : 22936, 1, 2022/02/08, 18:38:02.417, 6283352967098, vstest.console.dll, TestPluginCache: Executors2 are ''.
TpTrace Verbose: 0 : 22936, 1, 2022/02/08, 18:38:02.417, 6283352967501, vstest.console.dll, TestPluginCache: Setting providers are ''.
TpTrace Verbose: 0 : 22936, 1, 2022/02/08, 18:38:02.417, 6283352968367, vstest.console.dll, TestPluginCache: Loggers are 'logger://Microsoft/TestPlatform/Extensions/Blame/v1,logger://Microsoft/TestPlatform/HtmlLogger/v1,logger://Microsoft/TestPlatform/TrxLogger/v1'.
TpTrace Information: 0 : 22936, 1, 2022/02/08, 18:38:02.418, 6283352975459, vstest.console.dll, TestPluginManager.CreateTestExtension: Attempting to load test extension: Microsoft.TestPlatform.Extensions.BlameDataCollector.BlameLogger
TpTrace Information: 0 : 22936, 1, 2022/02/08, 18:38:02.424, 6283353034997, vstest.console.dll, TestPluginManager.CreateTestExtension: Attempting to load test extension: Microsoft.VisualStudio.TestPlatform.CrossPlatEngine.Hosting.DefaultTestHostManager
TpTrace Information: 0 : 22936, 1, 2022/02/08, 18:38:02.424, 6283353037146, vstest.console.dll, TestPluginManager.CreateTestExtension: Attempting to load test extension: Microsoft.VisualStudio.TestPlatform.CrossPlatEngine.Hosting.DotnetTestHostManager
TpTrace Verbose: 0 : 22936, 1, 2022/02/08, 18:38:02.424, 6283353041068, vstest.console.dll, TestEngine: Initializing Parallel Execution as MaxCpuCount is set to: 1
TpTrace Information: 0 : 22936, 1, 2022/02/08, 18:38:02.425, 6283353044809, vstest.console.dll, InferRunSettingsHelper.IsTestSettingsEnabled: Unable to navigate to RunSettings/MSTest. Current node: RunSettings
TpTrace Verbose: 0 : 22936, 1, 2022/02/08, 18:38:02.435, 6283353152998, vstest.console.dll, TestRequestSender is acting as server
TpTrace Verbose: 0 : 22936, 5, 2022/02/08, 18:38:02.439, 6283353183560, vstest.console.dll, DataCollectionRequestSender.InitializeCommunication : Initialize communication. 
TpTrace Information: 0 : 22936, 5, 2022/02/08, 18:38:02.444, 6283353235974, vstest.console.dll, Listening on Endpoint : 127.0.0.1:59155
TpTrace Verbose: 0 : 22936, 5, 2022/02/08, 18:38:02.451, 6283353312340, vstest.console.dll, DotnetDataCollectionLauncher: Full path of dotnet.exe is C:\Program Files\dotnet\dotnet.exe
TpTrace Verbose: 0 : 22936, 5, 2022/02/08, 18:38:02.452, 6283353314328, vstest.console.dll, DotnetDataCollectionLauncher: Adding  --runtimeconfig "C:\Program Files\dotnet\sdk\6.0.101\datacollector.runtimeconfig.json" in args
TpTrace Verbose: 0 : 22936, 5, 2022/02/08, 18:38:02.452, 6283353315313, vstest.console.dll, DotnetDataCollectionLauncher: Adding  --depsfile "C:\Program Files\dotnet\sdk\6.0.101\datacollector.deps.json" in args
TpTrace Information: 0 : 22936, 5, 2022/02/08, 18:38:02.461, 6283353412077, vstest.console.dll, ProxyDataCollectionManager.Initialize: Launched datacollector processId: 34376 port: 59155
TpTrace Information: 0 : 22936, 5, 2022/02/08, 18:38:02.462, 6283353413760, vstest.console.dll, ProxyDataCollectionManager.Initialize: waiting for connection with timeout: 90 seconds
TpTrace Verbose: 0 : 22936, 5, 2022/02/08, 18:38:02.462, 6283353414518, vstest.console.dll, DataCollectionRequestSender.WaitForRequestHandlerConnection : Waiting for connection with timeout: 90000
TpTrace Information: 0 : 22936, 8, 2022/02/08, 18:38:02.570, 6283354495964, vstest.console.dll, Using the buffer size of 16384 bytes
TpTrace Verbose: 0 : 22936, 5, 2022/02/08, 18:38:02.570, 6283354496517, vstest.console.dll, ProxyDataCollectionManager.InvokeDataCollectionServiceAction: Starting.
TpTrace Information: 0 : 22936, 8, 2022/02/08, 18:38:02.570, 6283354496989, vstest.console.dll, Accepted Client request and set the flag
TpTrace Information: 0 : 22936, 5, 2022/02/08, 18:38:02.570, 6283354497879, vstest.console.dll, ProxyDataCollectionManager.BeforeTestRunStart: Get environment variable and port for datacollector processId: 34376 port: 59155
TpTrace Verbose: 0 : 22936, 5, 2022/02/08, 18:38:02.570, 6283354499248, vstest.console.dll, DataCollectionRequestSender.SendBeforeTestRunStartAndGetResult : Send BeforeTestRunStart message with settingsXml <RunSettings><RunConfiguration><ResultsDirectory>C:\CS4790Repo\BlabberApp-dolson998\DataStoreTest\bin\Debug\net6.0\fine-code-coverage\coverage-tool-output</ResultsDirectory><TargetPlatform>X64</TargetPlatform><TargetFrameworkVersion>.NETCoreApp,Version=v6.0</TargetFrameworkVersion><DesignMode>False</DesignMode><CollectSourceInformation>False</CollectSourceInformation><TestAdaptersPaths>C:\Program Files\dotnet\sdk\6.0.101\Extensions</TestAdaptersPaths></RunConfiguration><LoggerRunSettings><Loggers><Logger friendlyName="blame" enabled="True" /><Logger friendlyName="Console" uri="logger://microsoft/TestPlatform/ConsoleLogger/v1" assemblyQualifiedName="Microsoft.VisualStudio.TestPlatform.CommandLine.Internal.ConsoleLogger, vstest.console, Version=15.0.0.0, Culture=neutral, PublicKeyToken=b03f5f7f11d50a3a" codeBase="C:\Program Files\dotnet\sdk\6.0.101\vstest.console.dll" enabled="True" /></Loggers></LoggerRunSettings><DataCollectionRunSettings><DataCollectors><DataCollector friendlyName="blame" enabled="True"><Configuration><ResultsDirectory>C:\CS4790Repo\BlabberApp-dolson998\DataStoreTest\bin\Debug\net6.0\fine-code-coverage\coverage-tool-output</ResultsDirectory></Configuration></DataCollector></DataCollectors></DataCollectionRunSettings></RunSettings> and sources System.Linq.Enumerable+Concat2Iterator`1[System.String]: 
TpTrace Verbose: 0 : 22936, 5, 2022/02/08, 18:38:02.622, 6283355014111, vstest.console.dll, DataCollectionRequestSender.SendBeforeTestRunStartAndGetResult : Received message: (DataCollection.SendMessage) -> {
  "FriendlyName": null,
  "Uri": null,
  "TestCaseId": "00000000-0000-0000-0000-000000000000",
  "Message": "Logging DataCollector Diagnostics in file: C:\\CS4790Repo\\BlabberApp-dolson998\\DataStoreTest\\bin\\Debug\\net6.0\\fine-code-coverage\\coverage-tool-output\\diagnostics.datacollector.22-02-08_18-38-02_44899_5.log",
  "Level": 0
}
TpTrace Verbose: 0 : 22936, 5, 2022/02/08, 18:38:02.673, 6283355531650, vstest.console.dll, DataCollectionRequestSender.SendBeforeTestRunStartAndGetResult : Received message: (DataCollection.BeforeTestRunStartResult) -> {
  "EnvironmentVariables": {},
  "DataCollectionEventsPort": 59157
}
TpTrace Information: 0 : 22936, 5, 2022/02/08, 18:38:02.677, 6283355569032, vstest.console.dll, ProxyDataCollectionManager.BeforeTestRunStart: SendBeforeTestRunStartAndGetResult successful, env variable from datacollector:   and testhost port: 59157
TpTrace Information: 0 : 22936, 5, 2022/02/08, 18:38:02.677, 6283355570079, vstest.console.dll, ProxyDataCollectionManager.InvokeDataCollectionServiceAction: Completed.
TpTrace Verbose: 0 : 22936, 1, 2022/02/08, 18:38:02.677, 6283355571635, vstest.console.dll, TestRunRequest.ExecuteAsync: Creating test run request.
TpTrace Verbose: 0 : 22936, 1, 2022/02/08, 18:38:02.678, 6283355575205, vstest.console.dll, TestRunRequest.ExecuteAsync: Starting.
TpTrace Information: 0 : 22936, 1, 2022/02/08, 18:38:02.678, 6283355578223, vstest.console.dll, TestRunRequest.ExecuteAsync: Starting run with settings:TestRunCriteria:
   KeepAlive=False,FrequencyOfRunStatsChangeEvent=10,RunStatsChangeEventTimeout=00:00:01.5000000,TestCaseFilter=,TestExecutorLauncher=
   Settingsxml=<RunSettings>
  <RunConfiguration>
    <ResultsDirectory>C:\CS4790Repo\BlabberApp-dolson998\DataStoreTest\bin\Debug\net6.0\fine-code-coverage\coverage-tool-output</ResultsDirectory>
    <TargetPlatform>X64</TargetPlatform>
    <TargetFrameworkVersion>.NETCoreApp,Version=v6.0</TargetFrameworkVersion>
    <DesignMode>False</DesignMode>
    <CollectSourceInformation>False</CollectSourceInformation>
  </RunConfiguration>
  <LoggerRunSettings>
    <Loggers>
      <Logger friendlyName="blame" enabled="True" />
      <Logger friendlyName="Console" uri="logger://microsoft/TestPlatform/ConsoleLogger/v1" assemblyQualifiedName="Microsoft.VisualStudio.TestPlatform.CommandLine.Internal.ConsoleLogger, vstest.console, Version=15.0.0.0, Culture=neutral, PublicKeyToken=b03f5f7f11d50a3a" codeBase="C:\Program Files\dotnet\sdk\6.0.101\vstest.console.dll" enabled="True" />
    </Loggers>
  </LoggerRunSettings>
  <DataCollectionRunSettings>
    <DataCollectors>
      <DataCollector friendlyName="blame" enabled="True">
        <Configuration>
          <ResultsDirectory>C:\CS4790Repo\BlabberApp-dolson998\DataStoreTest\bin\Debug\net6.0\fine-code-coverage\coverage-tool-output</ResultsDirectory>
        </Configuration>
      </DataCollector>
    </DataCollectors>
  </DataCollectionRunSettings>
</RunSettings>

TpTrace Verbose: 0 : 22936, 1, 2022/02/08, 18:38:02.678, 6283355578817, vstest.console.dll, TestRunRequest.ExecuteAsync: Wait for the first run request is over.
TpTrace Verbose: 0 : 22936, 1, 2022/02/08, 18:38:02.679, 6283355583654, vstest.console.dll, ParallelProxyExecutionManager: Start execution. Total sources: 1
TpTrace Information: 0 : 22936, 1, 2022/02/08, 18:38:02.679, 6283355589385, vstest.console.dll, ProxyParallelExecutionManager: Triggering test run for next source: C:\CS4790Repo\BlabberApp-dolson998\DataStoreTest\bin\Debug\net6.0\fine-code-coverage\build-output\DataStoreTest.dll
TpTrace Verbose: 0 : 22936, 5, 2022/02/08, 18:38:02.679, 6283355591590, vstest.console.dll, ParallelProxyExecutionManager: Execution started. Started clients: 1
TpTrace Verbose: 0 : 22936, 1, 2022/02/08, 18:38:02.679, 6283355592098, vstest.console.dll, ProxyParallelExecutionManager: No sources available for execution.
TpTrace Information: 0 : 22936, 1, 2022/02/08, 18:38:02.680, 6283355592683, vstest.console.dll, TestRunRequest.ExecuteAsync: Started.
TpTrace Verbose: 0 : 22936, 1, 2022/02/08, 18:38:02.680, 6283355593325, vstest.console.dll, TestRunRequest.WaitForCompletion: Waiting with timeout -1.
TpTrace Verbose: 0 : 22936, 5, 2022/02/08, 18:38:02.680, 6283355594111, vstest.console.dll, TestRunRequest:SendTestRunMessage: Starting.
TpTrace Information: 0 : 22936, 5, 2022/02/08, 18:38:02.680, 6283355595043, vstest.console.dll, TestRunRequest:SendTestRunMessage: Completed.
TpTrace Verbose: 0 : 22936, 5, 2022/02/08, 18:38:02.680, 6283355596676, vstest.console.dll, ProxyExecutionManager: Test host is always Lazy initialize.
TpTrace Verbose: 0 : 22936, 5, 2022/02/08, 18:38:02.680, 6283355598581, vstest.console.dll, TestRequestSender.InitializeCommunication: initialize communication. 
TpTrace Information: 0 : 22936, 5, 2022/02/08, 18:38:02.680, 6283355602323, vstest.console.dll, SocketServer.Start: Listening on endpoint : 127.0.0.1:59158
TpTrace Verbose: 0 : 22936, 5, 2022/02/08, 18:38:02.681, 6283355607663, vstest.console.dll, DotnetTestHostmanager: Adding  --runtimeconfig "C:\CS4790Repo\BlabberApp-dolson998\DataStoreTest\bin\Debug\net6.0\fine-code-coverage\build-output\DataStoreTest.runtimeconfig.json" in args
TpTrace Verbose: 0 : 22936, 5, 2022/02/08, 18:38:02.681, 6283355608725, vstest.console.dll, DotnetTestHostmanager: Adding  --depsfile "C:\CS4790Repo\BlabberApp-dolson998\DataStoreTest\bin\Debug\net6.0\fine-code-coverage\build-output\DataStoreTest.deps.json" in args
TpTrace Verbose: 0 : 22936, 5, 2022/02/08, 18:38:02.682, 6283355613025, vstest.console.dll, DotnetTestHostManager: Testhost.exe/testhost.x86.exe found at path: C:\CS4790Repo\BlabberApp-dolson998\DataStoreTest\bin\Debug\net6.0\fine-code-coverage\build-output\testhost.exe
TpTrace Verbose: 0 : 22936, 5, 2022/02/08, 18:38:02.682, 6283355613554, vstest.console.dll, DotnetTestHostmanager: Full path of host exe is C:\CS4790Repo\BlabberApp-dolson998\DataStoreTest\bin\Debug\net6.0\fine-code-coverage\build-output\testhost.exe
TpTrace Verbose: 0 : 22936, 7, 2022/02/08, 18:38:02.682, 6283355619248, vstest.console.dll, DotnetTestHostManager: Starting process 'C:\CS4790Repo\BlabberApp-dolson998\DataStoreTest\bin\Debug\net6.0\fine-code-coverage\build-output\testhost.exe' with command line ' --runtimeconfig "C:\CS4790Repo\BlabberApp-dolson998\DataStoreTest\bin\Debug\net6.0\fine-code-coverage\build-output\DataStoreTest.runtimeconfig.json" --depsfile "C:\CS4790Repo\BlabberApp-dolson998\DataStoreTest\bin\Debug\net6.0\fine-code-coverage\build-output\DataStoreTest.deps.json" --port 59158 --endpoint 127.0.0.1:059158 --role client --parentprocessid 22936 --diag "C:\CS4790Repo\BlabberApp-dolson998\DataStoreTest\bin\Debug\net6.0\fine-code-coverage\coverage-tool-output\diagnostics.host.22-02-08_18-38-02_68119_5.log" --tracelevel 4 --datacollectionport 59157 --telemetryoptedin false'
TpTrace Verbose: 0 : 22936, 7, 2022/02/08, 18:38:02.688, 6283355678583, vstest.console.dll, Test Runtime launched
TpTrace Verbose: 0 : 22936, 5, 2022/02/08, 18:38:02.689, 6283355682729, vstest.console.dll, TestRequestSender.WaitForRequestHandlerConnection: waiting for connection with timeout: 90000
TpTrace Verbose: 0 : 22936, 7, 2022/02/08, 18:38:02.807, 6283356866979, vstest.console.dll, SocketServer.OnClientConnected: Client connected for endPoint: 127.0.0.1:59158, starting MessageLoopAsync:
TpTrace Verbose: 0 : 22936, 14, 2022/02/08, 18:38:02.807, 6283356869016, vstest.console.dll, TcpClientExtensions.MessageLoopAsync: Polling on remoteEndPoint: 127.0.0.1:59160 localEndPoint: 127.0.0.1:59158
TpTrace Verbose: 0 : 22936, 14, 2022/02/08, 18:38:02.911, 6283357902270, vstest.console.dll, TcpClientExtensions.MessageLoopAsync: NotifyDataAvailable remoteEndPoint: 127.0.0.1:59160 localEndPoint: 127.0.0.1:59158
TpTrace Verbose: 0 : 22936, 14, 2022/02/08, 18:38:02.911, 6283357904558, vstest.console.dll, TestRequestSender.CheckVersionWithTestHost: onMessageReceived received message: (ProtocolVersion) -> 5
TpTrace Verbose: 0 : 22936, 14, 2022/02/08, 18:38:02.911, 6283357907238, vstest.console.dll, TcpClientExtensions.MessageLoopAsync: Polling on remoteEndPoint: 127.0.0.1:59160 localEndPoint: 127.0.0.1:59158
TpTrace Verbose: 0 : 22936, 5, 2022/02/08, 18:38:02.911, 6283357907776, vstest.console.dll, TestPluginCache.GetExtensionPaths: Filtered extension paths: 
TpTrace Verbose: 0 : 22936, 5, 2022/02/08, 18:38:02.911, 6283357908456, vstest.console.dll, TestPluginCache.GetExtensionPaths: Added default extension paths: C:\Program Files\dotnet\sdk\6.0.101\Extensions\Microsoft.Diagnostics.NETCore.Client.dll
C:\Program Files\dotnet\sdk\6.0.101\Extensions\Microsoft.TestPlatform.Extensions.BlameDataCollector.dll
C:\Program Files\dotnet\sdk\6.0.101\Extensions\Microsoft.TestPlatform.Extensions.EventLogCollector.dll
C:\Program Files\dotnet\sdk\6.0.101\Extensions\Microsoft.TestPlatform.TestHostRuntimeProvider.dll
C:\Program Files\dotnet\sdk\6.0.101\Extensions\Microsoft.VisualStudio.TestPlatform.Extensions.Html.TestLogger.dll
C:\Program Files\dotnet\sdk\6.0.101\Extensions\Microsoft.VisualStudio.TestPlatform.Extensions.Trx.TestLogger.dll
TpTrace Verbose: 0 : 22936, 5, 2022/02/08, 18:38:02.911, 6283357908873, vstest.console.dll, TestPluginCache.GetExtensionPaths: Added unfilterableExtensionPaths: 
TpTrace Verbose: 0 : 22936, 5, 2022/02/08, 18:38:02.914, 6283357933969, vstest.console.dll, TestRequestSender.InitializeExecution: Sending initializing execution with message: {"Version":5,"MessageType":"TestExecution.Initialize","Payload":["C:\\CS4790Repo\\BlabberApp-dolson998\\DataStoreTest\\bin\\Debug\\net6.0\\fine-code-coverage\\build-output\\Microsoft.VisualStudio.TestPlatform.MSTest.TestAdapter.dll"]}
TpTrace Verbose: 0 : 22936, 14, 2022/02/08, 18:38:02.918, 6283357972513, vstest.console.dll, TcpClientExtensions.MessageLoopAsync: NotifyDataAvailable remoteEndPoint: 127.0.0.1:59160 localEndPoint: 127.0.0.1:59158
TpTrace Verbose: 0 : 22936, 14, 2022/02/08, 18:38:02.918, 6283357973617, vstest.console.dll, TestRequestSender.OnExecutionMessageReceived: Received message: {"Version":5,"MessageType":"TestSession.Message","Payload":{"MessageLevel":0,"Message":"Logging TestHost Diagnostics in file: C:\\CS4790Repo\\BlabberApp-dolson998\\DataStoreTest\\bin\\Debug\\net6.0\\fine-code-coverage\\coverage-tool-output\\diagnostics.host.22-02-08_18-38-02_68119_5.log"}}
TpTrace Verbose: 0 : 22936, 14, 2022/02/08, 18:38:02.919, 6283357985266, vstest.console.dll, TestRunRequest:SendTestRunMessage: Starting.
TpTrace Information: 0 : 22936, 14, 2022/02/08, 18:38:02.919, 6283357986027, vstest.console.dll, TestRunRequest:SendTestRunMessage: Completed.
TpTrace Verbose: 0 : 22936, 14, 2022/02/08, 18:38:02.919, 6283357986436, vstest.console.dll, TcpClientExtensions.MessageLoopAsync: Polling on remoteEndPoint: 127.0.0.1:59160 localEndPoint: 127.0.0.1:59158
TpTrace Verbose: 0 : 22936, 5, 2022/02/08, 18:38:02.919, 6283357988940, vstest.console.dll, TestRequestSender.StartTestRun: Sending test run with message: {"Version":5,"MessageType":"TestExecution.StartWithSources","Payload":{"AdapterSourceMap":{"_none_":["C:\\CS4790Repo\\BlabberApp-dolson998\\DataStoreTest\\bin\\Debug\\net6.0\\fine-code-coverage\\build-output\\DataStoreTest.dll"]},"RunSettings":"<RunSettings>\r\n  <RunConfiguration>\r\n    <ResultsDirectory>C:\\CS4790Repo\\BlabberApp-dolson998\\DataStoreTest\\bin\\Debug\\net6.0\\fine-code-coverage\\coverage-tool-output</ResultsDirectory>\r\n    <TargetPlatform>X64</TargetPlatform>\r\n    <TargetFrameworkVersion>.NETCoreApp,Version=v6.0</TargetFrameworkVersion>\r\n    <DesignMode>False</DesignMode>\r\n    <CollectSourceInformation>False</CollectSourceInformation>\r\n  </RunConfiguration>\r\n  <LoggerRunSettings>\r\n    <Loggers>\r\n      <Logger friendlyName=\"blame\" enabled=\"True\" />\r\n      <Logger friendlyName=\"Console\" uri=\"logger://microsoft/TestPlatform/ConsoleLogger/v1\" assemblyQualifiedName=\"Microsoft.VisualStudio.TestPlatform.CommandLine.Internal.ConsoleLogger, vstest.console, Version=15.0.0.0, Culture=neutral, PublicKeyToken=b03f5f7f11d50a3a\" codeBase=\"C:\\Program Files\\dotnet\\sdk\\6.0.101\\vstest.console.dll\" enabled=\"True\" />\r\n    </Loggers>\r\n  </LoggerRunSettings>\r\n  <DataCollectionRunSettings>\r\n    <DataCollectors>\r\n      <DataCollector friendlyName=\"blame\" enabled=\"True\">\r\n        <Configuration>\r\n          <ResultsDirectory>C:\\CS4790Repo\\BlabberApp-dolson998\\DataStoreTest\\bin\\Debug\\net6.0\\fine-code-coverage\\coverage-tool-output</ResultsDirectory>\r\n        </Configuration>\r\n      </DataCollector>\r\n    </DataCollectors>\r\n  </DataCollectionRunSettings>\r\n</RunSettings>","TestExecutionContext":{"FrequencyOfRunStatsChangeEvent":10,"RunStatsChangeEventTimeout":"00:00:01.5000000","InIsolation":false,"KeepAlive":false,"AreTestCaseLevelEventsRequired":false,"IsDebug":false,"TestCaseFilter":null,"FilterOptions":null},"Package":null}}
TpTrace Verbose: 0 : 22936, 14, 2022/02/08, 18:38:03.214, 6283360932523, vstest.console.dll, TcpClientExtensions.MessageLoopAsync: NotifyDataAvailable remoteEndPoint: 127.0.0.1:59160 localEndPoint: 127.0.0.1:59158
TpTrace Verbose: 0 : 22936, 14, 2022/02/08, 18:38:03.214, 6283360935580, vstest.console.dll, TestRequestSender.OnExecutionMessageReceived: Received message: {"Version":5,"MessageType":"TestExecution.Completed","Payload":{"TestRunCompleteArgs":{"TestRunStatistics":{"ExecutedTests":7,"Stats":{"Passed":7}},"IsCanceled":false,"IsAborted":false,"Error":null,"AttachmentSets":[],"ElapsedTimeInRunningTests":"00:00:00.1618273","Metrics":{}},"LastRunTests":{"NewTestResults":[{"TestCase":{"Id":"488fa038-a2ca-3647-00f1-3c299009b32e","FullyQualifiedName":"DataStoreTest.InMemRepositoryTest.TestInstatiation","DisplayName":"TestInstatiation","ExecutorUri":"executor://MSTestAdapter/v2","Source":"C:\\CS4790Repo\\BlabberApp-dolson998\\DataStoreTest\\bin\\Debug\\net6.0\\fine-code-coverage\\build-output\\DataStoreTest.dll","CodeFilePath":null,"LineNumber":-1,"Properties":[{"Key":{"Id":"TestCase.ManagedType","Label":"ManagedType","Category":"","Description":"","Attributes":1,"ValueType":"System.String"},"Value":"DataStoreTest.InMemRepositoryTest"},{"Key":{"Id":"TestCase.ManagedMethod","Label":"ManagedMethod","Category":"","Description":"","Attributes":1,"ValueType":"System.String"},"Value":"TestInstatiation"},{"Key":{"Id":"MSTestDiscoverer.TestClassName","Label":"ClassName","Category":"","Description":"","Attributes":1,"ValueType":"System.String"},"Value":"DataStoreTest.InMemRepositoryTest"},{"Key":{"Id":"TestCase.Hierarchy","Label":"Hierarchy","Category":"","Description":"","Attributes":2,"ValueType":"System.String[]"},"Value":["DataStoreTest","InMemRepositoryTest"]},{"Key":{"Id":"TestObject.Traits","Label":"Traits","Category":"","Description":"","Attributes":5,"ValueType":"System.Collections.Generic.KeyValuePair`2[[System.String],[System.String]][]"},"Value":[]}]},"Attachments":[],"Outcome":1,"ErrorMessage":null,"ErrorStackTrace":null,"DisplayName":"TestInstatiation","Messages":[],"ComputerName":null,"Duration":"00:00:00.0055734","StartTime":"2022-02-08T18:38:03.1390482-07:00","EndTime":"2022-02-08T18:38:03.1546734-07:00","Properties":[{"Key":{"Id":"ExecutionId","Label":"ExecutionId","Category":"","Description":"","Attributes":1,"ValueType":"System.Guid"},"Value":"00000000-0000-0000-0000-000000000000"},{"Key":{"Id":"ParentExecId","Label":"ParentExecId","Category":"","Description":"","Attributes":1,"ValueType":"System.Guid"},"Value":"00000000-0000-0000-0000-000000000000"},{"Key":{"Id":"InnerResultsCount","Label":"InnerResultsCount","Category":"","Description":"","Attributes":1,"ValueType":"System.Int32"},"Value":0}]},{"TestCase":{"Id":"7768854a-16ad-d197-81b3-b52fe3c9bfa5","FullyQualifiedName":"DataStoreTest.InMemRepositoryTest.TestAdd","DisplayName":"TestAdd","ExecutorUri":"executor://MSTestAdapter/v2","Source":"C:\\CS4790Repo\\BlabberApp-dolson998\\DataStoreTest\\bin\\Debug\\net6.0\\fine-code-coverage\\build-output\\DataStoreTest.dll","CodeFilePath":null,"LineNumber":-1,"Properties":[{"Key":{"Id":"TestCase.ManagedType","Label":"ManagedType","Category":"","Description":"","Attributes":1,"ValueType":"System.String"},"Value":"DataStoreTest.InMemRepositoryTest"},{"Key":{"Id":"TestCase.ManagedMethod","Label":"ManagedMethod","Category":"","Description":"","Attributes":1,"ValueType":"System.String"},"Value":"TestAdd"},{"Key":{"Id":"MSTestDiscoverer.TestClassName","Label":"ClassName","Category":"","Description":"","Attributes":1,"ValueType":"System.String"},"Value":"DataStoreTest.InMemRepositoryTest"},{"Key":{"Id":"TestCase.Hierarchy","Label":"Hierarchy","Category":"","Description":"","Attributes":2,"ValueType":"System.String[]"},"Value":["DataStoreTest","InMemRepositoryTest"]},{"Key":{"Id":"TestObject.Traits","Label":"Traits","Category":"","Description":"","Attributes":5,"ValueType":"System.Collections.Generic.KeyValuePair`2[[System.String],[System.String]][]"},"Value":[]}]},"Attachments":[],"Outcome":1,"ErrorMessage":null,"ErrorStackTrace":null,"DisplayName":"TestAdd","Messages":[],"ComputerName":null,"Duration":"00:00:00.0013420","StartTime":"2022-02-08T18:38:03.1697859-07:00","EndTime":"2022-02-08T18:38:03.1714031-07:00","Properties":[{"Key":{"Id":"ExecutionId","Label":"ExecutionId","Category":"","Description":"","Attributes":1,"ValueType":"System.Guid"},"Value":"00000000-0000-0000-0000-000000000000"},{"Key":{"Id":"ParentExecId","Label":"ParentExecId","Category":"","Description":"","Attributes":1,"ValueType":"System.Guid"},"Value":"00000000-0000-0000-0000-000000000000"},{"Key":{"Id":"InnerResultsCount","Label":"InnerResultsCount","Category":"","Description":"","Attributes":1,"ValueType":"System.Int32"},"Value":0}]},{"TestCase":{"Id":"aa3ea317-152d-ff8f-e1b8-1b7269464d77","FullyQualifiedName":"DataStoreTest.InMemRepositoryTest.TestBlabEdit","DisplayName":"TestBlabEdit","ExecutorUri":"executor://MSTestAdapter/v2","Source":"C:\\CS4790Repo\\BlabberApp-dolson998\\DataStoreTest\\bin\\Debug\\net6.0\\fine-code-coverage\\build-output\\DataStoreTest.dll","CodeFilePath":null,"LineNumber":-1,"Properties":[{"Key":{"Id":"TestCase.ManagedType","Label":"ManagedType","Category":"","Description":"","Attributes":1,"ValueType":"System.String"},"Value":"DataStoreTest.InMemRepositoryTest"},{"Key":{"Id":"TestCase.ManagedMethod","Label":"ManagedMethod","Category":"","Description":"","Attributes":1,"ValueType":"System.String"},"Value":"TestBlabEdit"},{"Key":{"Id":"MSTestDiscoverer.TestClassName","Label":"ClassName","Category":"","Description":"","Attributes":1,"ValueType":"System.String"},"Value":"DataStoreTest.InMemRepositoryTest"},{"Key":{"Id":"TestCase.Hierarchy","Label":"Hierarchy","Category":"","Description":"","Attributes":2,"ValueType":"System.String[]"},"Value":["DataStoreTest","InMemRepositoryTest"]},{"Key":{"Id":"TestObject.Traits","Label":"Traits","Category":"","Description":"","Attributes":5,"ValueType":"System.Collections.Generic.KeyValuePair`2[[System.String],[System.String]][]"},"Value":[]}]},"Attachments":[],"Outcome":1,"ErrorMessage":null,"ErrorStackTrace":null,"DisplayName":"TestBlabEdit","Messages":[],"ComputerName":null,"Duration":"00:00:00.0006961","StartTime":"2022-02-08T18:38:03.173261-07:00","EndTime":"2022-02-08T18:38:03.1741219-07:00","Properties":[{"Key":{"Id":"ExecutionId","Label":"ExecutionId","Category":"","Description":"","Attributes":1,"ValueType":"System.Guid"},"Value":"00000000-0000-0000-0000-000000000000"},{"Key":{"Id":"ParentExecId","Label":"ParentExecId","Category":"","Description":"","Attributes":1,"ValueType":"System.Guid"},"Value":"00000000-0000-0000-0000-000000000000"},{"Key":{"Id":"InnerResultsCount","Label":"InnerResultsCount","Category":"","Description":"","Attributes":1,"ValueType":"System.Int32"},"Value":0}]},{"TestCase":{"Id":"e762fbc9-6481-f022-bf0c-6426bad36556","FullyQualifiedName":"DataStoreTest.InMemRepositoryTest.TestUserEdit","DisplayName":"TestUserEdit","ExecutorUri":"executor://MSTestAdapter/v2","Source":"C:\\CS4790Repo\\BlabberApp-dolson998\\DataStoreTest\\bin\\Debug\\net6.0\\fine-code-coverage\\build-output\\DataStoreTest.dll","CodeFilePath":null,"LineNumber":-1,"Properties":[{"Key":{"Id":"TestCase.ManagedType","Label":"ManagedType","Category":"","Description":"","Attributes":1,"ValueType":"System.String"},"Value":"DataStoreTest.InMemRepositoryTest"},{"Key":{"Id":"TestCase.ManagedMethod","Label":"ManagedMethod","Category":"","Description":"","Attributes":1,"ValueType":"System.String"},"Value":"TestUserEdit"},{"Key":{"Id":"MSTestDiscoverer.TestClassName","Label":"ClassName","Category":"","Description":"","Attributes":1,"ValueType":"System.String"},"Value":"DataStoreTest.InMemRepositoryTest"},{"Key":{"Id":"TestCase.Hierarchy","Label":"Hierarchy","Category":"","Description":"","Attributes":2,"ValueType":"System.String[]"},"Value":["DataStoreTest","InMemRepositoryTest"]},{"Key":{"Id":"TestObject.Traits","Label":"Traits","Category":"","Description":"","Attributes":5,"ValueType":"System.Collections.Generic.KeyValuePair`2[[System.String],[System.String]][]"},"Value":[]}]},"Attachments":[],"Outcome":1,"ErrorMessage":null,"ErrorStackTrace":null,"DisplayName":"TestUserEdit","Messages":[],"ComputerName":null,"Duration":"00:00:00.0001596","StartTime":"2022-02-08T18:38:03.1757451-07:00","EndTime":"2022-02-08T18:38:03.176066-07:00","Properties":[{"Key":{"Id":"ExecutionId","Label":"ExecutionId","Category":"","Description":"","Attributes":1,"ValueType":"System.Guid"},"Value":"00000000-0000-0000-0000-000000000000"},{"Key":{"Id":"ParentExecId","Label":"ParentExecId","Category":"","Description":"","Attributes":1,"ValueType":"System.Guid"},"Value":"00000000-0000-0000-0000-000000000000"},{"Key":{"Id":"InnerResultsCount","Label":"InnerResultsCount","Category":"","Description":"","Attributes":1,"ValueType":"System.Int32"},"Value":0}]},{"TestCase":{"Id":"9eae19b7-7303-c4fd-6275-4e73ad1b6592","FullyQualifiedName":"DataStoreTest.InMemRepositoryTest.TestDelete","DisplayName":"TestDelete","ExecutorUri":"executor://MSTestAdapter/v2","Source":"C:\\CS4790Repo\\BlabberApp-dolson998\\DataStoreTest\\bin\\Debug\\net6.0\\fine-code-coverage\\build-output\\DataStoreTest.dll","CodeFilePath":null,"LineNumber":-1,"Properties":[{"Key":{"Id":"TestCase.ManagedType","Label":"ManagedType","Category":"","Description":"","Attributes":1,"ValueType":"System.String"},"Value":"DataStoreTest.InMemRepositoryTest"},{"Key":{"Id":"TestCase.ManagedMethod","Label":"ManagedMethod","Category":"","Description":"","Attributes":1,"ValueType":"System.String"},"Value":"TestDelete"},{"Key":{"Id":"MSTestDiscoverer.TestClassName","Label":"ClassName","Category":"","Description":"","Attributes":1,"ValueType":"System.String"},"Value":"DataStoreTest.InMemRepositoryTest"},{"Key":{"Id":"TestCase.Hierarchy","Label":"Hierarchy","Category":"","Description":"","Attributes":2,"ValueType":"System.String[]"},"Value":["DataStoreTest","InMemRepositoryTest"]},{"Key":{"Id":"TestObject.Traits","Label":"Traits","Category":"","Description":"","Attributes":5,"ValueType":"System.Collections.Generic.KeyValuePair`2[[System.String],[System.String]][]"},"Value":[]}]},"Attachments":[],"Outcome":1,"ErrorMessage":null,"ErrorStackTrace":null,"DisplayName":"TestDelete","Messages":[],"ComputerName":null,"Duration":"00:00:00.0003495","StartTime":"2022-02-08T18:38:03.1777407-07:00","EndTime":"2022-02-08T18:38:03.1782755-07:00","Properties":[{"Key":{"Id":"ExecutionId","Label":"ExecutionId","Category":"","Description":"","Attributes":1,"ValueType":"System.Guid"},"Value":"00000000-0000-0000-0000-000000000000"},{"Key":{"Id":"ParentExecId","Label":"ParentExecId","Category":"","Description":"","Attributes":1,"ValueType":"System.Guid"},"Value":"00000000-0000-0000-0000-000000000000"},{"Key":{"Id":"InnerResultsCount","Label":"InnerResultsCount","Category":"","Description":"","Attributes":1,"ValueType":"System.Int32"},"Value":0}]},{"TestCase":{"Id":"3dece4c1-1632-7c9c-8d3d-52a41a8d563a","FullyQualifiedName":"DataStoreTest.InMemRepositoryTest.TestGetSuccess","DisplayName":"TestGetSuccess","ExecutorUri":"executor://MSTestAdapter/v2","Source":"C:\\CS4790Repo\\BlabberApp-dolson998\\DataStoreTest\\bin\\Debug\\net6.0\\fine-code-coverage\\build-output\\DataStoreTest.dll","CodeFilePath":null,"LineNumber":-1,"Properties":[{"Key":{"Id":"TestCase.ManagedType","Label":"ManagedType","Category":"","Description":"","Attributes":1,"ValueType":"System.String"},"Value":"DataStoreTest.InMemRepositoryTest"},{"Key":{"Id":"TestCase.ManagedMethod","Label":"ManagedMethod","Category":"","Description":"","Attributes":1,"ValueType":"System.String"},"Value":"TestGetSuccess"},{"Key":{"Id":"MSTestDiscoverer.TestClassName","Label":"ClassName","Category":"","Description":"","Attributes":1,"ValueType":"System.String"},"Value":"DataStoreTest.InMemRepositoryTest"},{"Key":{"Id":"TestCase.Hierarchy","Label":"Hierarchy","Category":"","Description":"","Attributes":2,"ValueType":"System.String[]"},"Value":["DataStoreTest","InMemRepositoryTest"]},{"Key":{"Id":"TestObject.Traits","Label":"Traits","Category":"","Description":"","Attributes":5,"ValueType":"System.Collections.Generic.KeyValuePair`2[[System.String],[System.String]][]"},"Value":[]}]},"Attachments":[],"Outcome":1,"ErrorMessage":null,"ErrorStackTrace":null,"DisplayName":"TestGetSuccess","Messages":[],"ComputerName":null,"Duration":"00:00:00.0001381","StartTime":"2022-02-08T18:38:03.18011-07:00","EndTime":"2022-02-08T18:38:03.1804085-07:00","Properties":[{"Key":{"Id":"ExecutionId","Label":"ExecutionId","Category":"","Description":"","Attributes":1,"ValueType":"System.Guid"},"Value":"00000000-0000-0000-0000-000000000000"},{"Key":{"Id":"ParentExecId","Label":"ParentExecId","Category":"","Description":"","Attributes":1,"ValueType":"System.Guid"},"Value":"00000000-0000-0000-0000-000000000000"},{"Key":{"Id":"InnerResultsCount","Label":"InnerResultsCount","Category":"","Description":"","Attributes":1,"ValueType":"System.Int32"},"Value":0}]},{"TestCase":{"Id":"18f7acfe-332a-f80e-7cf9-57caa981f2d1","FullyQualifiedName":"DataStoreTest.InMemRepositoryTest.TestGetFail","DisplayName":"TestGetFail","ExecutorUri":"executor://MSTestAdapter/v2","Source":"C:\\CS4790Repo\\BlabberApp-dolson998\\DataStoreTest\\bin\\Debug\\net6.0\\fine-code-coverage\\build-output\\DataStoreTest.dll","CodeFilePath":null,"LineNumber":-1,"Properties":[{"Key":{"Id":"TestCase.ManagedType","Label":"ManagedType","Category":"","Description":"","Attributes":1,"ValueType":"System.String"},"Value":"DataStoreTest.InMemRepositoryTest"},{"Key":{"Id":"TestCase.ManagedMethod","Label":"ManagedMethod","Category":"","Description":"","Attributes":1,"ValueType":"System.String"},"Value":"TestGetFail"},{"Key":{"Id":"MSTestDiscoverer.TestClassName","Label":"ClassName","Category":"","Description":"","Attributes":1,"ValueType":"System.String"},"Value":"DataStoreTest.InMemRepositoryTest"},{"Key":{"Id":"TestCase.Hierarchy","Label":"Hierarchy","Category":"","Description":"","Attributes":2,"ValueType":"System.String[]"},"Value":["DataStoreTest","InMemRepositoryTest"]},{"Key":{"Id":"TestObject.Traits","Label":"Traits","Category":"","Description":"","Attributes":5,"ValueType":"System.Collections.Generic.KeyValuePair`2[[System.String],[System.String]][]"},"Value":[]}]},"Attachments":[],"Outcome":1,"ErrorMessage":null,"ErrorStackTrace":null,"DisplayName":"TestGetFail","Messages":[],"ComputerName":null,"Duration":"00:00:00.0001433","StartTime":"2022-02-08T18:38:03.1820705-07:00","EndTime":"2022-02-08T18:38:03.1823591-07:00","Properties":[{"Key":{"Id":"ExecutionId","Label":"ExecutionId","Category":"","Description":"","Attributes":1,"ValueType":"System.Guid"},"Value":"00000000-0000-0000-0000-000000000000"},{"Key":{"Id":"ParentExecId","Label":"ParentExecId","Category":"","Description":"","Attributes":1,"ValueType":"System.Guid"},"Value":"00000000-0000-0000-0000-000000000000"},{"Key":{"Id":"InnerResultsCount","Label":"InnerResultsCount","Category":"","Description":"","Attributes":1,"ValueType":"System.Int32"},"Value":0}]}],"TestRunStatistics":{"ExecutedTests":7,"Stats":{"Passed":7}},"ActiveTests":[]},"RunAttachments":[],"ExecutorUris":["executor://mstestadapter/v2"]}}
TpTrace Verbose: 0 : 22936, 14, 2022/02/08, 18:38:03.215, 6283360947742, vstest.console.dll, TestRequestSender.EndSession: Sending end session.
TpTrace Verbose: 0 : 22936, 14, 2022/02/08, 18:38:03.215, 6283360949090, vstest.console.dll, ProxyOperationManager.Close: waiting for test host to exit for 100 ms
TpTrace Warning: 0 : 22936, 13, 2022/02/08, 18:38:03.228, 6283361073742, vstest.console.dll, TestHostManagerCallbacks.ErrorReceivedCallback Test host standard error line: 
TpTrace Verbose: 0 : 22936, 8, 2022/02/08, 18:38:03.231, 6283361107321, vstest.console.dll, TestHostProvider.ExitCallBack: Host exited starting callback.
TpTrace Information: 0 : 22936, 8, 2022/02/08, 18:38:03.231, 6283361110827, vstest.console.dll, TestHostManagerCallbacks.ExitCallBack: Testhost processId: 16596 exited with exitcode: 0 error: ''
TpTrace Verbose: 0 : 22936, 8, 2022/02/08, 18:38:03.232, 6283361111508, vstest.console.dll, DotnetTestHostManager.OnHostExited: invoking OnHostExited callback
TpTrace Verbose: 0 : 22936, 8, 2022/02/08, 18:38:03.232, 6283361112071, vstest.console.dll, CrossPlatEngine.TestHostManagerHostExited: calling on client process exit callback.
TpTrace Information: 0 : 22936, 8, 2022/02/08, 18:38:03.232, 6283361112596, vstest.console.dll, TestRequestSender.OnClientProcessExit: Test host process exited. Standard error: 
TpTrace Warning: 0 : 22936, 14, 2022/02/08, 18:38:03.232, 6283361112794, vstest.console.dll, ProxyOperationManager: Timed out waiting for test host to exit. Will terminate process.
TpTrace Information: 0 : 22936, 8, 2022/02/08, 18:38:03.232, 6283361113057, vstest.console.dll, SocketServer.Stop: Stop server endPoint: 127.0.0.1:59158
TpTrace Information: 0 : 22936, 8, 2022/02/08, 18:38:03.232, 6283361113966, vstest.console.dll, SocketServer.Stop: Cancellation requested. Stopping message loop.
TpTrace Verbose: 0 : 22936, 14, 2022/02/08, 18:38:03.233, 6283361123510, vstest.console.dll, ProxyDataCollectionManager.InvokeDataCollectionServiceAction: Starting.
TpTrace Information: 0 : 22936, 14, 2022/02/08, 18:38:03.233, 6283361124227, vstest.console.dll, ProxyDataCollectionManager.AfterTestRunEnd: Get attachment set for datacollector processId: 34376 port: 59155
TpTrace Verbose: 0 : 22936, 14, 2022/02/08, 18:38:03.233, 6283361125216, vstest.console.dll, DataCollectionRequestSender.SendAfterTestRunStartAndGetResult : Send AfterTestRunEnd message with isCancelled: False
TpTrace Verbose: 0 : 22936, 14, 2022/02/08, 18:38:03.236, 6283361152386, vstest.console.dll, DataCollectionRequestSender.SendAfterTestRunStartAndGetResult : Received message: (DataCollection.AfterTestRunEndResult) -> {
  "AttachmentSets": [],
  "Metrics": {}
}
TpTrace Information: 0 : 22936, 14, 2022/02/08, 18:38:03.238, 6283361173216, vstest.console.dll, ProxyDataCollectionManager.InvokeDataCollectionServiceAction: Completed.
TpTrace Warning: 0 : 22936, 10, 2022/02/08, 18:38:03.239, 6283361181334, vstest.console.dll, DataCollectionLauncher.ErrorReceivedCallback datacollector standard error line: 
TpTrace Information: 0 : 22936, 8, 2022/02/08, 18:38:03.242, 6283361216609, vstest.console.dll, DataCollectionLauncher.ExitCallBack: Data collector exited with exitcode: 0 error: ''
TpTrace Verbose: 0 : 22936, 14, 2022/02/08, 18:38:03.299, 6283361788062, vstest.console.dll, TestRunRequest:SendTestRunStatsChange: Starting.
TpTrace Information: 0 : 22936, 14, 2022/02/08, 18:38:03.299, 6283361790527, vstest.console.dll, TestRunRequest:SendTestRunStatsChange: Completed.
TpTrace Verbose: 0 : 22936, 14, 2022/02/08, 18:38:03.300, 6283361792238, vstest.console.dll, ParallelProxyExecutionManager: HandlePartialRunComplete: Total completed clients = 1, Run complete = True, Run canceled: False.
TpTrace Verbose: 0 : 22936, 14, 2022/02/08, 18:38:03.313, 6283361928225, vstest.console.dll, TestRunRequest:TestRunComplete: Starting. IsAborted:False IsCanceled:False.
TpTrace Verbose: 0 : 22936, 14, 2022/02/08, 18:38:03.313, 6283361929788, vstest.console.dll, TestLoggerManager.HandleTestRunComplete: Ignoring as the object is disposed.
TpTrace Information: 0 : 22936, 14, 2022/02/08, 18:38:03.314, 6283361931622, vstest.console.dll, TestRunRequest:TestRunComplete: Completed.
TpTrace Verbose: 0 : 22936, 1, 2022/02/08, 18:38:03.314, 6283361931783, vstest.console.dll, TestRunRequest.Dispose: Starting.
TpTrace Verbose: 0 : 22936, 14, 2022/02/08, 18:38:03.314, 6283361932517, vstest.console.dll, TestRequestSender.SetOperationComplete: Setting operation complete.
TpTrace Information: 0 : 22936, 1, 2022/02/08, 18:38:03.314, 6283361932543, vstest.console.dll, TestRunRequest.Dispose: Completed.
TpTrace Information: 0 : 22936, 14, 2022/02/08, 18:38:03.314, 6283361933105, vstest.console.dll, SocketServer.Stop: Stop server endPoint: 127.0.0.1:59158
TpTrace Information: 0 : 22936, 1, 2022/02/08, 18:38:03.314, 6283361933633, vstest.console.dll, TestRequestManager.RunTests: run tests completed.
TpTrace Information: 0 : 22936, 14, 2022/02/08, 18:38:03.314, 6283361934049, vstest.console.dll, SocketServer.Stop: Cancellation requested. Stopping message loop.
TpTrace Information: 0 : 22936, 1, 2022/02/08, 18:38:03.314, 6283361934833, vstest.console.dll, RunTestsArgumentProcessor:Execute: Test run is completed.
TpTrace Information: 0 : 22936, 14, 2022/02/08, 18:38:03.314, 6283361935064, vstest.console.dll, SocketServer.PrivateStop: Stopping server endPoint: 127.0.0.1:59158 error: 
TpTrace Verbose: 0 : 22936, 1, 2022/02/08, 18:38:03.314, 6283361936376, vstest.console.dll, Executor.Execute: Exiting with exit code of 0
TpTrace Verbose: 0 : 22936, 14, 2022/02/08, 18:38:03.314, 6283361937992, vstest.console.dll, LengthPrefixCommunicationChannel.Dispose: Dispose reader and writer.
TpTrace Information: 0 : 22936, 14, 2022/02/08, 18:38:03.314, 6283361938683, vstest.console.dll, SocketServer.Stop: Raise disconnected event endPoint: 127.0.0.1:59158 error: 
TpTrace Verbose: 0 : 22936, 14, 2022/02/08, 18:38:03.314, 6283361939226, vstest.console.dll, TestRequestSender: OnTestRunAbort: Operation is already complete. Skip error message.
